<?xml version="1.0" encoding="UTF-8"?>
<testng-results ignored="0" total="1" passed="0" failed="0" skipped="1">
  <reporter-output>
  </reporter-output>
  <suite started-at="2022-04-04T20:46:00 IST" name="Default suite" finished-at="2022-04-04T20:46:06 IST" duration-ms="6375">
    <groups>
      <group name="SmokeTest">
        <method signature="CreateOrganizationTest.CreateOrg()[pri:0, instance:com.vtiger.sdet31.CreateOrganizationTest@7c711375]" name="CreateOrg" class="com.vtiger.sdet31.CreateOrganizationTest"/>
      </group> <!-- SmokeTest -->
    </groups>
    <test started-at="2022-04-04T20:46:00 IST" name="Default test" finished-at="2022-04-04T20:46:06 IST" duration-ms="6375">
      <class name="com.vtiger.sdet31.CreateOrganizationTest">
        <test-method is-config="true" signature="bs()[pri:0, instance:com.vtiger.sdet31.CreateOrganizationTest@7c711375]" started-at="2022-04-04T20:46:00 IST" name="bs" finished-at="2022-04-04T20:46:00 IST" duration-ms="34" status="PASS">
          <reporter-output>
          </reporter-output>
        </test-method> <!-- bs -->
        <test-method is-config="true" signature="bt()[pri:0, instance:com.vtiger.sdet31.CreateOrganizationTest@7c711375]" started-at="2022-04-04T20:46:01 IST" name="bt" finished-at="2022-04-04T20:46:01 IST" duration-ms="3" status="PASS">
          <reporter-output>
          </reporter-output>
        </test-method> <!-- bt -->
        <test-method is-config="true" signature="bc()[pri:0, instance:com.vtiger.sdet31.CreateOrganizationTest@7c711375]" started-at="2022-04-04T20:46:01 IST" name="bc" finished-at="2022-04-04T20:46:06 IST" duration-ms="4783" status="FAIL">
          <exception class="io.github.bonigarcia.wdm.config.WebDriverManagerException">
            <message>
              <![CDATA[io.github.bonigarcia.wdm.config.WebDriverManagerException: java.net.UnknownHostException: chromedriver.storage.googleapis.com]]>
            </message>
            <full-stacktrace>
              <![CDATA[io.github.bonigarcia.wdm.config.WebDriverManagerException: io.github.bonigarcia.wdm.config.WebDriverManagerException: java.net.UnknownHostException: chromedriver.storage.googleapis.com
at io.github.bonigarcia.wdm.WebDriverManager.handleException(WebDriverManager.java:1140)
at io.github.bonigarcia.wdm.WebDriverManager.manage(WebDriverManager.java:933)
at io.github.bonigarcia.wdm.WebDriverManager.fallback(WebDriverManager.java:1156)
at io.github.bonigarcia.wdm.WebDriverManager.handleException(WebDriverManager.java:1137)
at io.github.bonigarcia.wdm.WebDriverManager.manage(WebDriverManager.java:933)
at io.github.bonigarcia.wdm.WebDriverManager.handleException(WebDriverManager.java:1130)
at io.github.bonigarcia.wdm.WebDriverManager.manage(WebDriverManager.java:933)
at io.github.bonigarcia.wdm.WebDriverManager.setup(WebDriverManager.java:337)
at com.crm.autodesk.genricutility.BaseClass.bc(BaseClass.java:57)
at java.base/jdk.internal.reflect.NativeMethodAccessorImpl.invoke0(Native Method)
at java.base/jdk.internal.reflect.NativeMethodAccessorImpl.invoke(NativeMethodAccessorImpl.java:77)
at java.base/jdk.internal.reflect.DelegatingMethodAccessorImpl.invoke(DelegatingMethodAccessorImpl.java:43)
at java.base/java.lang.reflect.Method.invoke(Method.java:568)
at org.testng.internal.MethodInvocationHelper.invokeMethod(MethodInvocationHelper.java:133)
at org.testng.internal.MethodInvocationHelper.invokeMethodConsideringTimeout(MethodInvocationHelper.java:62)
at org.testng.internal.ConfigInvoker.invokeConfigurationMethod(ConfigInvoker.java:385)
at org.testng.internal.ConfigInvoker.invokeConfigurations(ConfigInvoker.java:321)
at org.testng.internal.TestMethodWorker.invokeBeforeClassMethods(TestMethodWorker.java:176)
at org.testng.internal.TestMethodWorker.run(TestMethodWorker.java:122)
at java.base/java.util.ArrayList.forEach(ArrayList.java:1511)
at org.testng.TestRunner.privateRun(TestRunner.java:794)
at org.testng.TestRunner.run(TestRunner.java:596)
at org.testng.SuiteRunner.runTest(SuiteRunner.java:377)
at org.testng.SuiteRunner.runSequentially(SuiteRunner.java:371)
at org.testng.SuiteRunner.privateRun(SuiteRunner.java:332)
at org.testng.SuiteRunner.run(SuiteRunner.java:276)
at org.testng.SuiteRunnerWorker.runSuite(SuiteRunnerWorker.java:53)
at org.testng.SuiteRunnerWorker.run(SuiteRunnerWorker.java:96)
at org.testng.TestNG.runSuitesSequentially(TestNG.java:1212)
at org.testng.TestNG.runSuitesLocally(TestNG.java:1134)
at org.testng.TestNG.runSuites(TestNG.java:1063)
at org.testng.TestNG.run(TestNG.java:1031)
at org.testng.remote.AbstractRemoteTestNG.run(AbstractRemoteTestNG.java:115)
at org.testng.remote.RemoteTestNG.initAndRun(RemoteTestNG.java:251)
at org.testng.remote.RemoteTestNG.main(RemoteTestNG.java:77)
Caused by: io.github.bonigarcia.wdm.config.WebDriverManagerException: java.net.UnknownHostException: chromedriver.storage.googleapis.com
at io.github.bonigarcia.wdm.WebDriverManager.getDriversFromXml(WebDriverManager.java:1286)
at io.github.bonigarcia.wdm.managers.ChromeDriverManager.getDriverUrls(ChromeDriverManager.java:105)
at io.github.bonigarcia.wdm.WebDriverManager.createUrlHandler(WebDriverManager.java:1161)
at io.github.bonigarcia.wdm.WebDriverManager.download(WebDriverManager.java:1009)
at io.github.bonigarcia.wdm.WebDriverManager.manage(WebDriverManager.java:927)
... 33 more
Caused by: java.net.UnknownHostException: chromedriver.storage.googleapis.com
at java.base/java.net.InetAddress$CachedAddresses.get(InetAddress.java:801)
at java.base/java.net.InetAddress.getAllByName0(InetAddress.java:1509)
at java.base/java.net.InetAddress.getAllByName(InetAddress.java:1367)
at java.base/java.net.InetAddress.getAllByName(InetAddress.java:1301)
at org.apache.hc.client5.http.SystemDefaultDnsResolver.resolve(SystemDefaultDnsResolver.java:43)
at org.apache.hc.client5.http.impl.io.DefaultHttpClientConnectionOperator.connect(DefaultHttpClientConnectionOperator.java:118)
at org.apache.hc.client5.http.impl.io.PoolingHttpClientConnectionManager.connect(PoolingHttpClientConnectionManager.java:409)
at org.apache.hc.client5.http.impl.classic.InternalExecRuntime.connectEndpoint(InternalExecRuntime.java:164)
at org.apache.hc.client5.http.impl.classic.InternalExecRuntime.connectEndpoint(InternalExecRuntime.java:174)
at org.apache.hc.client5.http.impl.classic.ConnectExec.execute(ConnectExec.java:135)
at org.apache.hc.client5.http.impl.classic.ExecChainElement.execute(ExecChainElement.java:51)
at org.apache.hc.client5.http.impl.classic.ExecChainElement$1.proceed(ExecChainElement.java:57)
at org.apache.hc.client5.http.impl.classic.ProtocolExec.execute(ProtocolExec.java:172)
at org.apache.hc.client5.http.impl.classic.ExecChainElement.execute(ExecChainElement.java:51)
at org.apache.hc.client5.http.impl.classic.ExecChainElement$1.proceed(ExecChainElement.java:57)
at org.apache.hc.client5.http.impl.classic.HttpRequestRetryExec.execute(HttpRequestRetryExec.java:93)
at org.apache.hc.client5.http.impl.classic.ExecChainElement.execute(ExecChainElement.java:51)
at org.apache.hc.client5.http.impl.classic.ExecChainElement$1.proceed(ExecChainElement.java:57)
at org.apache.hc.client5.http.impl.classic.ContentCompressionExec.execute(ContentCompressionExec.java:128)
at org.apache.hc.client5.http.impl.classic.ExecChainElement.execute(ExecChainElement.java:51)
at org.apache.hc.client5.http.impl.classic.ExecChainElement$1.proceed(ExecChainElement.java:57)
at org.apache.hc.client5.http.impl.classic.RedirectExec.execute(RedirectExec.java:116)
at org.apache.hc.client5.http.impl.classic.ExecChainElement.execute(ExecChainElement.java:51)
at org.apache.hc.client5.http.impl.classic.InternalHttpClient.doExecute(InternalHttpClient.java:178)
at org.apache.hc.client5.http.impl.classic.CloseableHttpClient.execute(CloseableHttpClient.java:75)
at org.apache.hc.client5.http.impl.classic.CloseableHttpClient.execute(CloseableHttpClient.java:89)
at io.github.bonigarcia.wdm.online.HttpClient.execute(HttpClient.java:158)
at io.github.bonigarcia.wdm.WebDriverManager.getDriversFromXml(WebDriverManager.java:1271)
... 37 more
]]>
            </full-stacktrace>
          </exception> <!-- io.github.bonigarcia.wdm.config.WebDriverManagerException -->
          <reporter-output>
          </reporter-output>
        </test-method> <!-- bc -->
        <test-method is-config="true" signature="bm()[pri:0, instance:com.vtiger.sdet31.CreateOrganizationTest@7c711375]" started-at="2022-04-04T20:46:06 IST" name="bm" finished-at="1970-01-01T05:30:00 IST" duration-ms="-1649085366724" status="SKIP">
          <reporter-output>
          </reporter-output>
        </test-method> <!-- bm -->
        <test-method signature="CreateOrg()[pri:0, instance:com.vtiger.sdet31.CreateOrganizationTest@7c711375]" started-at="2022-04-04T20:46:06 IST" name="CreateOrg" finished-at="2022-04-04T20:46:06 IST" duration-ms="0" status="SKIP">
          <exception class="io.github.bonigarcia.wdm.config.WebDriverManagerException">
            <message>
              <![CDATA[io.github.bonigarcia.wdm.config.WebDriverManagerException: java.net.UnknownHostException: chromedriver.storage.googleapis.com]]>
            </message>
            <full-stacktrace>
              <![CDATA[io.github.bonigarcia.wdm.config.WebDriverManagerException: io.github.bonigarcia.wdm.config.WebDriverManagerException: java.net.UnknownHostException: chromedriver.storage.googleapis.com
at io.github.bonigarcia.wdm.WebDriverManager.handleException(WebDriverManager.java:1140)
at io.github.bonigarcia.wdm.WebDriverManager.manage(WebDriverManager.java:933)
at io.github.bonigarcia.wdm.WebDriverManager.fallback(WebDriverManager.java:1156)
at io.github.bonigarcia.wdm.WebDriverManager.handleException(WebDriverManager.java:1137)
at io.github.bonigarcia.wdm.WebDriverManager.manage(WebDriverManager.java:933)
at io.github.bonigarcia.wdm.WebDriverManager.handleException(WebDriverManager.java:1130)
at io.github.bonigarcia.wdm.WebDriverManager.manage(WebDriverManager.java:933)
at io.github.bonigarcia.wdm.WebDriverManager.setup(WebDriverManager.java:337)
at com.crm.autodesk.genricutility.BaseClass.bc(BaseClass.java:57)
at java.base/jdk.internal.reflect.NativeMethodAccessorImpl.invoke0(Native Method)
at java.base/jdk.internal.reflect.NativeMethodAccessorImpl.invoke(NativeMethodAccessorImpl.java:77)
at java.base/jdk.internal.reflect.DelegatingMethodAccessorImpl.invoke(DelegatingMethodAccessorImpl.java:43)
at java.base/java.lang.reflect.Method.invoke(Method.java:568)
at org.testng.internal.MethodInvocationHelper.invokeMethod(MethodInvocationHelper.java:133)
at org.testng.internal.MethodInvocationHelper.invokeMethodConsideringTimeout(MethodInvocationHelper.java:62)
at org.testng.internal.ConfigInvoker.invokeConfigurationMethod(ConfigInvoker.java:385)
at org.testng.internal.ConfigInvoker.invokeConfigurations(ConfigInvoker.java:321)
at org.testng.internal.TestMethodWorker.invokeBeforeClassMethods(TestMethodWorker.java:176)
at org.testng.internal.TestMethodWorker.run(TestMethodWorker.java:122)
at java.base/java.util.ArrayList.forEach(ArrayList.java:1511)
at org.testng.TestRunner.privateRun(TestRunner.java:794)
at org.testng.TestRunner.run(TestRunner.java:596)
at org.testng.SuiteRunner.runTest(SuiteRunner.java:377)
at org.testng.SuiteRunner.runSequentially(SuiteRunner.java:371)
at org.testng.SuiteRunner.privateRun(SuiteRunner.java:332)
at org.testng.SuiteRunner.run(SuiteRunner.java:276)
at org.testng.SuiteRunnerWorker.runSuite(SuiteRunnerWorker.java:53)
at org.testng.SuiteRunnerWorker.run(SuiteRunnerWorker.java:96)
at org.testng.TestNG.runSuitesSequentially(TestNG.java:1212)
at org.testng.TestNG.runSuitesLocally(TestNG.java:1134)
at org.testng.TestNG.runSuites(TestNG.java:1063)
at org.testng.TestNG.run(TestNG.java:1031)
at org.testng.remote.AbstractRemoteTestNG.run(AbstractRemoteTestNG.java:115)
at org.testng.remote.RemoteTestNG.initAndRun(RemoteTestNG.java:251)
at org.testng.remote.RemoteTestNG.main(RemoteTestNG.java:77)
Caused by: io.github.bonigarcia.wdm.config.WebDriverManagerException: java.net.UnknownHostException: chromedriver.storage.googleapis.com
at io.github.bonigarcia.wdm.WebDriverManager.getDriversFromXml(WebDriverManager.java:1286)
at io.github.bonigarcia.wdm.managers.ChromeDriverManager.getDriverUrls(ChromeDriverManager.java:105)
at io.github.bonigarcia.wdm.WebDriverManager.createUrlHandler(WebDriverManager.java:1161)
at io.github.bonigarcia.wdm.WebDriverManager.download(WebDriverManager.java:1009)
at io.github.bonigarcia.wdm.WebDriverManager.manage(WebDriverManager.java:927)
... 33 more
Caused by: java.net.UnknownHostException: chromedriver.storage.googleapis.com
at java.base/java.net.InetAddress$CachedAddresses.get(InetAddress.java:801)
at java.base/java.net.InetAddress.getAllByName0(InetAddress.java:1509)
at java.base/java.net.InetAddress.getAllByName(InetAddress.java:1367)
at java.base/java.net.InetAddress.getAllByName(InetAddress.java:1301)
at org.apache.hc.client5.http.SystemDefaultDnsResolver.resolve(SystemDefaultDnsResolver.java:43)
at org.apache.hc.client5.http.impl.io.DefaultHttpClientConnectionOperator.connect(DefaultHttpClientConnectionOperator.java:118)
at org.apache.hc.client5.http.impl.io.PoolingHttpClientConnectionManager.connect(PoolingHttpClientConnectionManager.java:409)
at org.apache.hc.client5.http.impl.classic.InternalExecRuntime.connectEndpoint(InternalExecRuntime.java:164)
at org.apache.hc.client5.http.impl.classic.InternalExecRuntime.connectEndpoint(InternalExecRuntime.java:174)
at org.apache.hc.client5.http.impl.classic.ConnectExec.execute(ConnectExec.java:135)
at org.apache.hc.client5.http.impl.classic.ExecChainElement.execute(ExecChainElement.java:51)
at org.apache.hc.client5.http.impl.classic.ExecChainElement$1.proceed(ExecChainElement.java:57)
at org.apache.hc.client5.http.impl.classic.ProtocolExec.execute(ProtocolExec.java:172)
at org.apache.hc.client5.http.impl.classic.ExecChainElement.execute(ExecChainElement.java:51)
at org.apache.hc.client5.http.impl.classic.ExecChainElement$1.proceed(ExecChainElement.java:57)
at org.apache.hc.client5.http.impl.classic.HttpRequestRetryExec.execute(HttpRequestRetryExec.java:93)
at org.apache.hc.client5.http.impl.classic.ExecChainElement.execute(ExecChainElement.java:51)
at org.apache.hc.client5.http.impl.classic.ExecChainElement$1.proceed(ExecChainElement.java:57)
at org.apache.hc.client5.http.impl.classic.ContentCompressionExec.execute(ContentCompressionExec.java:128)
at org.apache.hc.client5.http.impl.classic.ExecChainElement.execute(ExecChainElement.java:51)
at org.apache.hc.client5.http.impl.classic.ExecChainElement$1.proceed(ExecChainElement.java:57)
at org.apache.hc.client5.http.impl.classic.RedirectExec.execute(RedirectExec.java:116)
at org.apache.hc.client5.http.impl.classic.ExecChainElement.execute(ExecChainElement.java:51)
at org.apache.hc.client5.http.impl.classic.InternalHttpClient.doExecute(InternalHttpClient.java:178)
at org.apache.hc.client5.http.impl.classic.CloseableHttpClient.execute(CloseableHttpClient.java:75)
at org.apache.hc.client5.http.impl.classic.CloseableHttpClient.execute(CloseableHttpClient.java:89)
at io.github.bonigarcia.wdm.online.HttpClient.execute(HttpClient.java:158)
at io.github.bonigarcia.wdm.WebDriverManager.getDriversFromXml(WebDriverManager.java:1271)
... 37 more
]]>
            </full-stacktrace>
          </exception> <!-- io.github.bonigarcia.wdm.config.WebDriverManagerException -->
          <reporter-output>
          </reporter-output>
        </test-method> <!-- CreateOrg -->
        <test-method is-config="true" signature="am()[pri:0, instance:com.vtiger.sdet31.CreateOrganizationTest@7c711375]" started-at="2022-04-04T20:46:06 IST" name="am" finished-at="1970-01-01T05:30:00 IST" duration-ms="-1649085366814" status="SKIP">
          <reporter-output>
          </reporter-output>
        </test-method> <!-- am -->
        <test-method is-config="true" signature="ac()[pri:0, instance:com.vtiger.sdet31.CreateOrganizationTest@7c711375]" started-at="2022-04-04T20:46:06 IST" name="ac" finished-at="1970-01-01T05:30:00 IST" duration-ms="-1649085366828" status="SKIP">
          <reporter-output>
          </reporter-output>
        </test-method> <!-- ac -->
        <test-method is-config="true" signature="at()[pri:0, instance:com.vtiger.sdet31.CreateOrganizationTest@7c711375]" started-at="2022-04-04T20:46:06 IST" name="at" finished-at="2022-04-04T20:46:06 IST" duration-ms="1" status="PASS">
          <reporter-output>
          </reporter-output>
        </test-method> <!-- at -->
        <test-method is-config="true" signature="as()[pri:0, instance:com.vtiger.sdet31.CreateOrganizationTest@7c711375]" started-at="2022-04-04T20:46:08 IST" name="as" finished-at="2022-04-04T20:46:08 IST" duration-ms="1" status="PASS">
          <reporter-output>
          </reporter-output>
        </test-method> <!-- as -->
      </class> <!-- com.vtiger.sdet31.CreateOrganizationTest -->
    </test> <!-- Default test -->
  </suite> <!-- Default suite -->
</testng-results>
